c:\users\andree\documents\github\prototypes\build\codename beta\debug\codename beta_d.pch
c:\users\andree\documents\github\prototypes\build\codename beta\debug\vc120.pdb
c:\users\andree\documents\github\prototypes\build\codename beta\debug\vc120.idb
c:\users\andree\documents\github\prototypes\build\codename beta\debug\stdafx.obj
c:\users\andree\documents\github\prototypes\build\codename beta\debug\main.obj
c:\users\andree\documents\github\prototypes\build\codename beta\debug\renderingcomponent.obj
c:\users\andree\documents\github\prototypes\build\codename beta\debug\gameobject.obj
c:\users\andree\documents\github\prototypes\build\codename beta\debug\engine.obj
c:\users\andree\documents\github\prototypes\build\codename beta\debug\component.obj
c:\users\andree\documents\github\prototypes\build\codename beta\debug\system.obj
c:\users\andree\documents\github\prototypes\build\codename beta\debug\movecommand.obj
c:\users\andree\documents\github\prototypes\build\codename beta\debug\command.obj
c:\users\andree\documents\github\prototypes\build\codename beta\debug\viewport.obj
c:\users\andree\documents\github\prototypes\bin\codename beta_d.ilk
c:\users\andree\documents\github\prototypes\bin\codename beta_d.exe
c:\users\andree\documents\github\prototypes\bin\codename beta_d.pdb
c:\users\andree\documents\github\prototypes\build\codename beta\debug\codename beta.tlog\cl.command.1.tlog
c:\users\andree\documents\github\prototypes\build\codename beta\debug\codename beta.tlog\cl.read.1.tlog
c:\users\andree\documents\github\prototypes\build\codename beta\debug\codename beta.tlog\cl.write.1.tlog
c:\users\andree\documents\github\prototypes\build\codename beta\debug\codename beta.tlog\link-cvtres.read.1.tlog
c:\users\andree\documents\github\prototypes\build\codename beta\debug\codename beta.tlog\link-cvtres.write.1.tlog
c:\users\andree\documents\github\prototypes\build\codename beta\debug\codename beta.tlog\link-rc.read.1.tlog
c:\users\andree\documents\github\prototypes\build\codename beta\debug\codename beta.tlog\link-rc.write.1.tlog
c:\users\andree\documents\github\prototypes\build\codename beta\debug\codename beta.tlog\link.6816-cvtres.read.1.tlog
c:\users\andree\documents\github\prototypes\build\codename beta\debug\codename beta.tlog\link.6816-cvtres.write.1.tlog
c:\users\andree\documents\github\prototypes\build\codename beta\debug\codename beta.tlog\link.6816-rc.read.1.tlog
c:\users\andree\documents\github\prototypes\build\codename beta\debug\codename beta.tlog\link.6816-rc.write.1.tlog
c:\users\andree\documents\github\prototypes\build\codename beta\debug\codename beta.tlog\link.6816.read.1.tlog
c:\users\andree\documents\github\prototypes\build\codename beta\debug\codename beta.tlog\link.6816.write.1.tlog
c:\users\andree\documents\github\prototypes\build\codename beta\debug\codename beta.tlog\link.command.1.tlog
c:\users\andree\documents\github\prototypes\build\codename beta\debug\codename beta.tlog\link.read.1.tlog
c:\users\andree\documents\github\prototypes\build\codename beta\debug\codename beta.tlog\link.write.1.tlog
